# JRE version: OpenJDK Runtime Environment (8.0_242-b01) (build 1.8.0_242-release-1644-b01)
# Java VM: OpenJDK 64-Bit Server VM (25.242-b01 mixed mode windows-amd64 compressed oops)
Heap:
 PSYoungGen      total 138752K, used 78128K [0x00000000d5580000, 0x00000000dfa80000, 0x0000000100000000)
  eden space 121856K, 50% used [0x00000000d5580000,0x00000000d914d040,0x00000000dcc80000)
  from space 16896K, 99% used [0x00000000dea00000,0x00000000dfa7f120,0x00000000dfa80000)
  to   space 23552K, 0% used [0x00000000dcc80000,0x00000000dcc80000,0x00000000de380000)
 ParOldGen       total 129536K, used 51964K [0x0000000080000000, 0x0000000087e80000, 0x00000000d5580000)
  object space 129536K, 40% used [0x0000000080000000,0x00000000832bf150,0x0000000087e80000)
 Metaspace       used 82037K, capacity 85946K, committed 86040K, reserved 1124352K
  class space    used 10751K, capacity 11522K, committed 11568K, reserved 1048576K
GC Heap History (10 events):
Event: 25.134 GC heap before
{Heap before GC invocations=19 (full 3):
 PSYoungGen      total 123904K, used 109056K [0x00000000d5580000, 0x00000000df980000, 0x0000000100000000)
  eden space 109056K, 100% used [0x00000000d5580000,0x00000000dc000000,0x00000000dc000000)
  from space 14848K, 0% used [0x00000000dc000000,0x00000000dc000000,0x00000000dce80000)
  to   space 15872K, 0% used [0x00000000dea00000,0x00000000dea00000,0x00000000df980000)
 ParOldGen       total 129536K, used 31899K [0x0000000080000000, 0x0000000087e80000, 0x00000000d5580000)
  object space 129536K, 24% used [0x0000000080000000,0x0000000081f26e60,0x0000000087e80000)
 Metaspace       used 62207K, capacity 64460K, committed 64792K, reserved 1105920K
  class space    used 8435K, capacity 8907K, committed 9008K, reserved 1048576K
Event: 25.151 GC heap after
Heap after GC invocations=19 (full 3):
 PSYoungGen      total 143872K, used 8178K [0x00000000d5580000, 0x00000000df500000, 0x0000000100000000)
  eden space 132608K, 0% used [0x00000000d5580000,0x00000000d5580000,0x00000000dd700000)
  from space 11264K, 72% used [0x00000000dea00000,0x00000000df1fcbb0,0x00000000df500000)
  to   space 15360K, 0% used [0x00000000dd700000,0x00000000dd700000,0x00000000de600000)
 ParOldGen       total 129536K, used 31907K [0x0000000080000000, 0x0000000087e80000, 0x00000000d5580000)
  object space 129536K, 24% used [0x0000000080000000,0x0000000081f28e60,0x0000000087e80000)
 Metaspace       used 62207K, capacity 64460K, committed 64792K, reserved 1105920K
  class space    used 8435K, capacity 8907K, committed 9008K, reserved 1048576K
}
Event: 28.553 GC heap before
{Heap before GC invocations=20 (full 3):
 PSYoungGen      total 143872K, used 140786K [0x00000000d5580000, 0x00000000df500000, 0x0000000100000000)
  eden space 132608K, 100% used [0x00000000d5580000,0x00000000dd700000,0x00000000dd700000)
  from space 11264K, 72% used [0x00000000dea00000,0x00000000df1fcbb0,0x00000000df500000)
  to   space 15360K, 0% used [0x00000000dd700000,0x00000000dd700000,0x00000000de600000)
 ParOldGen       total 129536K, used 31907K [0x0000000080000000, 0x0000000087e80000, 0x00000000d5580000)
  object space 129536K, 24% used [0x0000000080000000,0x0000000081f28e60,0x0000000087e80000)
 Metaspace       used 69241K, capacity 72244K, committed 72344K, reserved 1112064K
  class space    used 9497K, capacity 10093K, committed 10160K, reserved 1048576K
Event: 28.574 GC heap after
Heap after GC invocations=20 (full 3):
 PSYoungGen      total 147968K, used 15335K [0x00000000d5580000, 0x00000000e0b80000, 0x0000000100000000)
  eden space 132608K, 0% used [0x00000000d5580000,0x00000000d5580000,0x00000000dd700000)
  from space 15360K, 99% used [0x00000000dd700000,0x00000000de5f9fd8,0x00000000de600000)
  to   space 17920K, 0% used [0x00000000dfa00000,0x00000000dfa00000,0x00000000e0b80000)
 ParOldGen       total 129536K, used 33082K [0x0000000080000000, 0x0000000087e80000, 0x00000000d5580000)
  object space 129536K, 25% used [0x0000000080000000,0x000000008204eb90,0x0000000087e80000)
 Metaspace       used 69241K, capacity 72244K, committed 72344K, reserved 1112064K
  class space    used 9497K, capacity 10093K, committed 10160K, reserved 1048576K
}
Event: 6722.379 GC heap before
{Heap before GC invocations=21 (full 3):
 PSYoungGen      total 147968K, used 147943K [0x00000000d5580000, 0x00000000e0b80000, 0x0000000100000000)
  eden space 132608K, 100% used [0x00000000d5580000,0x00000000dd700000,0x00000000dd700000)
  from space 15360K, 99% used [0x00000000dd700000,0x00000000de5f9fd8,0x00000000de600000)
  to   space 17920K, 0% used [0x00000000dfa00000,0x00000000dfa00000,0x00000000e0b80000)
 ParOldGen       total 129536K, used 33082K [0x0000000080000000, 0x0000000087e80000, 0x00000000d5580000)
  object space 129536K, 25% used [0x0000000080000000,0x000000008204eb90,0x0000000087e80000)
 Metaspace       used 76873K, capacity 80128K, committed 80280K, reserved 1118208K
  class space    used 10225K, capacity 10884K, committed 10928K, reserved 1048576K
Event: 6722.540 GC heap after
Heap after GC invocations=21 (full 3):
 PSYoungGen      total 146944K, used 17903K [0x00000000d5580000, 0x00000000e0b80000, 0x0000000100000000)
  eden space 129024K, 0% used [0x00000000d5580000,0x00000000d5580000,0x00000000dd380000)
  from space 17920K, 99% used [0x00000000dfa00000,0x00000000e0b7bf10,0x00000000e0b80000)
  to   space 21504K, 0% used [0x00000000de180000,0x00000000de180000,0x00000000df680000)
 ParOldGen       total 129536K, used 36253K [0x0000000080000000, 0x0000000087e80000, 0x00000000d5580000)
  object space 129536K, 27% used [0x0000000080000000,0x0000000082367650,0x0000000087e80000)
 Metaspace       used 76873K, capacity 80128K, committed 80280K, reserved 1118208K
  class space    used 10225K, capacity 10884K, committed 10928K, reserved 1048576K
}
Event: 10262.056 GC heap before
{Heap before GC invocations=22 (full 3):
 PSYoungGen      total 146944K, used 146927K [0x00000000d5580000, 0x00000000e0b80000, 0x0000000100000000)
  eden space 129024K, 100% used [0x00000000d5580000,0x00000000dd380000,0x00000000dd380000)
  from space 17920K, 99% used [0x00000000dfa00000,0x00000000e0b7bf10,0x00000000e0b80000)
  to   space 21504K, 0% used [0x00000000de180000,0x00000000de180000,0x00000000df680000)
 ParOldGen       total 129536K, used 36253K [0x0000000080000000, 0x0000000087e80000, 0x00000000d5580000)
  object space 129536K, 27% used [0x0000000080000000,0x0000000082367650,0x0000000087e80000)
 Metaspace       used 78295K, capacity 81768K, committed 81944K, reserved 1120256K
  class space    used 10322K, capacity 11029K, committed 11056K, reserved 1048576K
Event: 10262.317 GC heap after
Heap after GC invocations=22 (full 3):
 PSYoungGen      total 134144K, used 8218K [0x00000000d5580000, 0x00000000dfa80000, 0x0000000100000000)
  eden space 125440K, 0% used [0x00000000d5580000,0x00000000d5580000,0x00000000dd000000)
  from space 8704K, 94% used [0x00000000de180000,0x00000000de986bc0,0x00000000dea00000)
  to   space 16896K, 0% used [0x00000000dea00000,0x00000000dea00000,0x00000000dfa80000)
 ParOldGen       total 129536K, used 47665K [0x0000000080000000, 0x0000000087e80000, 0x00000000d5580000)
  object space 129536K, 36% used [0x0000000080000000,0x0000000082e8c468,0x0000000087e80000)
 Metaspace       used 78295K, capacity 81768K, committed 81944K, reserved 1120256K
  class space    used 10322K, capacity 11029K, committed 11056K, reserved 1048576K
}
Event: 10278.350 GC heap before
{Heap before GC invocations=23 (full 3):
 PSYoungGen      total 134144K, used 133658K [0x00000000d5580000, 0x00000000dfa80000, 0x0000000100000000)
  eden space 125440K, 100% used [0x00000000d5580000,0x00000000dd000000,0x00000000dd000000)
  from space 8704K, 94% used [0x00000000de180000,0x00000000de986bc0,0x00000000dea00000)
  to   space 16896K, 0% used [0x00000000dea00000,0x00000000dea00000,0x00000000dfa80000)
 ParOldGen       total 129536K, used 47665K [0x0000000080000000, 0x0000000087e80000, 0x00000000d5580000)
  object space 129536K, 36% used [0x0000000080000000,0x0000000082e8c468,0x0000000087e80000)
 Metaspace       used 81572K, capacity 85378K, committed 85528K, reserved 1124352K
  class space    used 10714K, capacity 11502K, committed 11568K, reserved 1048576K
Event: 10278.749 GC heap after
Heap after GC invocations=23 (full 3):
 PSYoungGen      total 138752K, used 16892K [0x00000000d5580000, 0x00000000dfa80000, 0x0000000100000000)
  eden space 121856K, 0% used [0x00000000d5580000,0x00000000d5580000,0x00000000dcc80000)
  from space 16896K, 99% used [0x00000000dea00000,0x00000000dfa7f120,0x00000000dfa80000)
  to   space 23552K, 0% used [0x00000000dcc80000,0x00000000dcc80000,0x00000000de380000)
 ParOldGen       total 129536K, used 51964K [0x0000000080000000, 0x0000000087e80000, 0x00000000d5580000)
  object space 129536K, 40% used [0x0000000080000000,0x00000000832bf150,0x0000000087e80000)
 Metaspace       used 81572K, capacity 85378K, committed 85528K, reserved 1124352K
  class space    used 10714K, capacity 11502K, committed 11568K, reserved 1048576K
}

